<?xml version="1.0" encoding="UTF-8"?>
<!-- Generated by org.testng.reporters.JUnitXMLReporter -->
<testsuite hostname="NYAZ-2RNCN32" ignored="4" name="allTests" tests="4" failures="0" timestamp="2020-02-28T14:07:56 EST" time="35.359" errors="0">
  <testcase name="verifyLoginSuccessfully" time="18.173" classname="com.inmoment.reporting.tests.LoginTests"/>
  <testcase name="verifyGoNPSProgram" time="2.392" classname="com.inmoment.reporting.tests.LoginTests"/>
  <testcase name="verifyGoToReportingPage" time="0.134" classname="com.inmoment.reporting.tests.ReportingPageTests"/>
  <testcase name="verifyIfEmailDispositionElementsAreDisplayed" time="14.629" classname="com.inmoment.reporting.tests.ReportingPageTests"/>
  <testcase name="verifyIfProgramOverviewElementsAreDisplayed" time="0.0" classname="com.inmoment.reporting.tests.ReportingPageTests">
    <ignored/>
  </testcase> <!-- verifyIfProgramOverviewElementsAreDisplayed -->
  <testcase name="@BeforeSuite beforeSuite" time="0.0" classname="com.inmoment.reporting.common.TestBase">
    <ignored/>
  </testcase> <!-- @BeforeSuite beforeSuite -->
  <testcase name="verifyGoToProgramOverview" time="0.0" classname="com.inmoment.reporting.tests.ReportingPageTests">
    <ignored/>
  </testcase> <!-- verifyGoToProgramOverview -->
  <testcase name="@AfterSuite afterSuite" time="0.0" classname="com.inmoment.reporting.common.TestBase">
    <ignored/>
  </testcase> <!-- @AfterSuite afterSuite -->
</testsuite> <!-- allTests -->
